Arguments: 
  /Users/xuzhigang/.nvm/versions/node/v9.11.1/bin/node /Users/xuzhigang/.nvm/versions/node/v9.11.1/bin/yarn add htmlparser --save

PATH: 
  /Users/xuzhigang/.nvm/versions/node/v9.11.1/bin:/usr/local/bin:/usr/local/bin:/usr/bin:/bin:/usr/sbin:/sbin:/usr/local/go/bin:/usr/local/mysql/bin:/usr/local/go/bin

Yarn version: 
  1.7.0

Node version: 
  9.11.1

Platform: 
  darwin x64

Trace: 
  Error: EACCES: permission denied, unlink '/Users/xuzhigang/nodestudy/async_problem/listen_217/node_modules/.yarn-integrity'

npm manifest: 
  {
    "name": "listen_217",
    "version": "1.0.0",
    "description": "",
    "main": "index.js",
    "scripts": {
      "test": "echo \"Error: no test specified\" && exit 1"
    },
    "keywords": [],
    "author": "",
    "license": "ISC",
    "dependencies": {
      "htmlparser": "1.7.7",
      "request": "2.60.0"
    }
  }

yarn manifest: 
  No manifest

Lockfile: 
  # THIS IS AN AUTOGENERATED FILE. DO NOT EDIT THIS FILE DIRECTLY.
  # yarn lockfile v1
  
  
  ansi-regex@^2.0.0:
    version "2.1.1"
    resolved "https://registry.npm.taobao.org/ansi-regex/download/ansi-regex-2.1.1.tgz#c3b33ab5ee360d86e0e628f0468ae7ef27d654df"
  
  ansi-styles@^2.2.1:
    version "2.2.1"
    resolved "https://registry.npm.taobao.org/ansi-styles/download/ansi-styles-2.2.1.tgz#b432dd3358b634cf75e1e4664368240533c1ddbe"
  
  asn1@0.1.11:
    version "0.1.11"
    resolved "https://registry.npm.taobao.org/asn1/download/asn1-0.1.11.tgz#559be18376d08a4ec4dbe80877d27818639b2df7"
  
  assert-plus@^0.1.5:
    version "0.1.5"
    resolved "https://registry.npm.taobao.org/assert-plus/download/assert-plus-0.1.5.tgz#ee74009413002d84cec7219c6ac811812e723160"
  
  async@^2.0.1:
    version "2.6.2"
    resolved "https://registry.npm.taobao.org/async/download/async-2.6.2.tgz#18330ea7e6e313887f5d2f2a904bac6fe4dd5381"
    dependencies:
      lodash "^4.17.11"
  
  aws-sign2@~0.5.0:
    version "0.5.0"
    resolved "https://registry.npm.taobao.org/aws-sign2/download/aws-sign2-0.5.0.tgz#c57103f7a17fc037f02d7c2e64b602ea223f7d63"
  
  bl@~1.0.0:
    version "1.0.3"
    resolved "https://registry.npm.taobao.org/bl/download/bl-1.0.3.tgz#fc5421a28fd4226036c3b3891a66a25bc64d226e"
    dependencies:
      readable-stream "~2.0.5"
  
  bluebird@^2.9.30:
    version "2.11.0"
    resolved "https://registry.npm.taobao.org/bluebird/download/bluebird-2.11.0.tgz#534b9033c022c9579c56ba3b3e5a5caafbb650e1"
  
  boom@2.x.x:
    version "2.10.1"
    resolved "https://registry.npm.taobao.org/boom/download/boom-2.10.1.tgz?cache=0&other_urls=https%3A%2F%2Fregistry.npm.taobao.org%2Fboom%2Fdownload%2Fboom-2.10.1.tgz#39c8918ceff5799f83f9492a848f625add0c766f"
    dependencies:
      hoek "2.x.x"
  
  caseless@~0.11.0:
    version "0.11.0"
    resolved "https://registry.npm.taobao.org/caseless/download/caseless-0.11.0.tgz#715b96ea9841593cc33067923f5ec60ebda4f7d7"
  
  chalk@^1.0.0:
    version "1.1.3"
    resolved "https://registry.npm.taobao.org/chalk/download/chalk-1.1.3.tgz#a8115c55e4a702fe4d150abd3872822a7e09fc98"
    dependencies:
      ansi-styles "^2.2.1"
      escape-string-regexp "^1.0.2"
      has-ansi "^2.0.0"
      strip-ansi "^3.0.0"
      supports-color "^2.0.0"
  
  combined-stream@^1.0.5, combined-stream@~1.0.1:
    version "1.0.8"
    resolved "https://registry.npm.taobao.org/combined-stream/download/combined-stream-1.0.8.tgz#c3d45a8b34fd730631a110a8a2520682b31d5a7f"
    dependencies:
      delayed-stream "~1.0.0"
  
  commander@^2.8.1:
    version "2.20.0"
    resolved "https://registry.npm.taobao.org/commander/download/commander-2.20.0.tgz#d58bb2b5c1ee8f87b0d340027e9e94e222c5a422"
  
  core-util-is@~1.0.0:
    version "1.0.2"
    resolved "https://registry.npm.taobao.org/core-util-is/download/core-util-is-1.0.2.tgz#b5fd54220aa2bc5ab57aab7140c940754503c1a7"
  
  cryptiles@2.x.x:
    version "2.0.5"
    resolved "https://registry.npm.taobao.org/cryptiles/download/cryptiles-2.0.5.tgz#3bdfecdc608147c1c67202fa291e7dca59eaa3b8"
    dependencies:
      boom "2.x.x"
  
  ctype@0.5.3:
    version "0.5.3"
    resolved "https://registry.npm.taobao.org/ctype/download/ctype-0.5.3.tgz#82c18c2461f74114ef16c135224ad0b9144ca12f"
  
  delayed-stream@~1.0.0:
    version "1.0.0"
    resolved "https://registry.npm.taobao.org/delayed-stream/download/delayed-stream-1.0.0.tgz#df3ae199acadfb7d440aaae0b29e2272b24ec619"
  
  escape-string-regexp@^1.0.2:
    version "1.0.5"
    resolved "https://registry.npm.taobao.org/escape-string-regexp/download/escape-string-regexp-1.0.5.tgz#1b61c0562190a8dff6ae3bb2cf0200ca130b86d4"
  
  extend@~3.0.0:
    version "3.0.2"
    resolved "https://registry.npm.taobao.org/extend/download/extend-3.0.2.tgz#f8b1136b4071fbd8eb140aff858b1019ec2915fa"
  
  forever-agent@~0.6.0:
    version "0.6.1"
    resolved "https://registry.npm.taobao.org/forever-agent/download/forever-agent-0.6.1.tgz#fbc71f0c41adeb37f96c577ad1ed42d8fdacca91"
  
  form-data@~1.0.0-rc1:
    version "1.0.1"
    resolved "https://registry.npm.taobao.org/form-data/download/form-data-1.0.1.tgz#ae315db9a4907fa065502304a66d7733475ee37c"
    dependencies:
      async "^2.0.1"
      combined-stream "^1.0.5"
      mime-types "^2.1.11"
  
  generate-function@^2.0.0:
    version "2.3.1"
    resolved "https://registry.npm.taobao.org/generate-function/download/generate-function-2.3.1.tgz#f069617690c10c868e73b8465746764f97c3479f"
    dependencies:
      is-property "^1.0.2"
  
  generate-object-property@^1.1.0:
    version "1.2.0"
    resolved "https://registry.npm.taobao.org/generate-object-property/download/generate-object-property-1.2.0.tgz#9c0e1c40308ce804f4783618b937fa88f99d50d0"
    dependencies:
      is-property "^1.0.0"
  
  har-validator@^1.6.1:
    version "1.8.0"
    resolved "https://registry.npm.taobao.org/har-validator/download/har-validator-1.8.0.tgz#d83842b0eb4c435960aeb108a067a3aa94c0eeb2"
    dependencies:
      bluebird "^2.9.30"
      chalk "^1.0.0"
      commander "^2.8.1"
      is-my-json-valid "^2.12.0"
  
  has-ansi@^2.0.0:
    version "2.0.0"
    resolved "https://registry.npm.taobao.org/has-ansi/download/has-ansi-2.0.0.tgz#34f5049ce1ecdf2b0649af3ef24e45ed35416d91"
    dependencies:
      ansi-regex "^2.0.0"
  
  hawk@~3.1.0:
    version "3.1.3"
    resolved "https://registry.npm.taobao.org/hawk/download/hawk-3.1.3.tgz#078444bd7c1640b0fe540d2c9b73d59678e8e1c4"
    dependencies:
      boom "2.x.x"
      cryptiles "2.x.x"
      hoek "2.x.x"
      sntp "1.x.x"
  
  hoek@2.x.x:
    version "2.16.3"
    resolved "https://registry.npm.taobao.org/hoek/download/hoek-2.16.3.tgz?cache=0&other_urls=https%3A%2F%2Fregistry.npm.taobao.org%2Fhoek%2Fdownload%2Fhoek-2.16.3.tgz#20bb7403d3cea398e91dc4710a8ff1b8274a25ed"
  
  htmlparser@1.7.7:
    version "1.7.7"
    resolved "https://registry.npm.taobao.org/htmlparser/download/htmlparser-1.7.7.tgz#19e7b3997ff6fbac99ae5a7d2766489efe7e2d0e"
  
  http-signature@~0.11.0:
    version "0.11.0"
    resolved "https://registry.npm.taobao.org/http-signature/download/http-signature-0.11.0.tgz#1796cf67a001ad5cd6849dca0991485f09089fe6"
    dependencies:
      asn1 "0.1.11"
      assert-plus "^0.1.5"
      ctype "0.5.3"
  
  inherits@~2.0.1:
    version "2.0.3"
    resolved "https://registry.npm.taobao.org/inherits/download/inherits-2.0.3.tgz#633c2c83e3da42a502f52466022480f4208261de"
  
  ip-regex@^2.1.0:
    version "2.1.0"
    resolved "https://registry.npm.taobao.org/ip-regex/download/ip-regex-2.1.0.tgz#fa78bf5d2e6913c911ce9f819ee5146bb6d844e9"
  
  is-my-ip-valid@^1.0.0:
    version "1.0.0"
    resolved "https://registry.npm.taobao.org/is-my-ip-valid/download/is-my-ip-valid-1.0.0.tgz#7b351b8e8edd4d3995d4d066680e664d94696824"
  
  is-my-json-valid@^2.12.0:
    version "2.20.0"
    resolved "https://registry.npm.taobao.org/is-my-json-valid/download/is-my-json-valid-2.20.0.tgz?cache=0&other_urls=https%3A%2F%2Fregistry.npm.taobao.org%2Fis-my-json-valid%2Fdownload%2Fis-my-json-valid-2.20.0.tgz#1345a6fca3e8daefc10d0fa77067f54cedafd59a"
    dependencies:
      generate-function "^2.0.0"
      generate-object-property "^1.1.0"
      is-my-ip-valid "^1.0.0"
      jsonpointer "^4.0.0"
      xtend "^4.0.0"
  
  is-property@^1.0.0, is-property@^1.0.2:
    version "1.0.2"
    resolved "https://registry.npm.taobao.org/is-property/download/is-property-1.0.2.tgz#57fe1c4e48474edd65b09911f26b1cd4095dda84"
  
  isarray@~1.0.0:
    version "1.0.0"
    resolved "https://registry.npm.taobao.org/isarray/download/isarray-1.0.0.tgz#bb935d48582cba168c06834957a54a3e07124f11"
  
  isstream@~0.1.1:
    version "0.1.2"
    resolved "https://registry.npm.taobao.org/isstream/download/isstream-0.1.2.tgz#47e63f7af55afa6f92e1500e690eb8b8529c099a"
  
  json-stringify-safe@~5.0.0:
    version "5.0.1"
    resolved "https://registry.npm.taobao.org/json-stringify-safe/download/json-stringify-safe-5.0.1.tgz#1296a2d58fd45f19a0f6ce01d65701e2c735b6eb"
  
  jsonpointer@^4.0.0:
    version "4.0.1"
    resolved "https://registry.npm.taobao.org/jsonpointer/download/jsonpointer-4.0.1.tgz#4fd92cb34e0e9db3c89c8622ecf51f9b978c6cb9"
  
  lodash@^4.17.11:
    version "4.17.11"
    resolved "https://registry.npm.taobao.org/lodash/download/lodash-4.17.11.tgz#b39ea6229ef607ecd89e2c8df12536891cac9b8d"
  
  mime-db@1.40.0:
    version "1.40.0"
    resolved "https://registry.npm.taobao.org/mime-db/download/mime-db-1.40.0.tgz#a65057e998db090f732a68f6c276d387d4126c32"
  
  mime-types@^2.1.11, mime-types@~2.1.2:
    version "2.1.24"
    resolved "https://registry.npm.taobao.org/mime-types/download/mime-types-2.1.24.tgz?cache=0&other_urls=https%3A%2F%2Fregistry.npm.taobao.org%2Fmime-types%2Fdownload%2Fmime-types-2.1.24.tgz#b6f8d0b3e951efb77dedeca194cff6d16f676f81"
    dependencies:
      mime-db "1.40.0"
  
  node-uuid@~1.4.0:
    version "1.4.8"
    resolved "https://registry.npm.taobao.org/node-uuid/download/node-uuid-1.4.8.tgz#b040eb0923968afabf8d32fb1f17f1167fdab907"
  
  oauth-sign@~0.8.0:
    version "0.8.2"
    resolved "https://registry.npm.taobao.org/oauth-sign/download/oauth-sign-0.8.2.tgz#46a6ab7f0aead8deae9ec0565780b7d4efeb9d43"
  
  process-nextick-args@~1.0.6:
    version "1.0.7"
    resolved "https://registry.npm.taobao.org/process-nextick-args/download/process-nextick-args-1.0.7.tgz#150e20b756590ad3f91093f25a4f2ad8bff30ba3"
  
  psl@^1.1.28:
    version "1.1.32"
    resolved "https://registry.npm.taobao.org/psl/download/psl-1.1.32.tgz?cache=0&other_urls=https%3A%2F%2Fregistry.npm.taobao.org%2Fpsl%2Fdownload%2Fpsl-1.1.32.tgz#3f132717cf2f9c169724b2b6caf373cf694198db"
  
  punycode@^2.1.1:
    version "2.1.1"
    resolved "https://registry.npm.taobao.org/punycode/download/punycode-2.1.1.tgz#b58b010ac40c22c5657616c8d2c2c02c7bf479ec"
  
  qs@~4.0.0:
    version "4.0.0"
    resolved "https://registry.npm.taobao.org/qs/download/qs-4.0.0.tgz?cache=0&other_urls=https%3A%2F%2Fregistry.npm.taobao.org%2Fqs%2Fdownload%2Fqs-4.0.0.tgz#c31d9b74ec27df75e543a86c78728ed8d4623607"
  
  readable-stream@~2.0.5:
    version "2.0.6"
    resolved "https://registry.npm.taobao.org/readable-stream/download/readable-stream-2.0.6.tgz?cache=0&other_urls=https%3A%2F%2Fregistry.npm.taobao.org%2Freadable-stream%2Fdownload%2Freadable-stream-2.0.6.tgz#8f90341e68a53ccc928788dacfcd11b36eb9b78e"
    dependencies:
      core-util-is "~1.0.0"
      inherits "~2.0.1"
      isarray "~1.0.0"
      process-nextick-args "~1.0.6"
      string_decoder "~0.10.x"
      util-deprecate "~1.0.1"
  
  request@2.60.0:
    version "2.60.0"
    resolved "https://registry.npm.taobao.org/request/download/request-2.60.0.tgz#498820957fcdded1d37749069610c85f61a29f2d"
    dependencies:
      aws-sign2 "~0.5.0"
      bl "~1.0.0"
      caseless "~0.11.0"
      combined-stream "~1.0.1"
      extend "~3.0.0"
      forever-agent "~0.6.0"
      form-data "~1.0.0-rc1"
      har-validator "^1.6.1"
      hawk "~3.1.0"
      http-signature "~0.11.0"
      isstream "~0.1.1"
      json-stringify-safe "~5.0.0"
      mime-types "~2.1.2"
      node-uuid "~1.4.0"
      oauth-sign "~0.8.0"
      qs "~4.0.0"
      stringstream "~0.0.4"
      tough-cookie ">=0.12.0"
      tunnel-agent "~0.4.0"
  
  sntp@1.x.x:
    version "1.0.9"
    resolved "https://registry.npm.taobao.org/sntp/download/sntp-1.0.9.tgz#6541184cc90aeea6c6e7b35e2659082443c66198"
    dependencies:
      hoek "2.x.x"
  
  string_decoder@~0.10.x:
    version "0.10.31"
    resolved "https://registry.npm.taobao.org/string_decoder/download/string_decoder-0.10.31.tgz#62e203bc41766c6c28c9fc84301dab1c5310fa94"
  
  stringstream@~0.0.4:
    version "0.0.6"
    resolved "https://registry.npm.taobao.org/stringstream/download/stringstream-0.0.6.tgz#7880225b0d4ad10e30927d167a1d6f2fd3b33a72"
  
  strip-ansi@^3.0.0:
    version "3.0.1"
    resolved "https://registry.npm.taobao.org/strip-ansi/download/strip-ansi-3.0.1.tgz#6a385fb8853d952d5ff05d0e8aaf94278dc63dcf"
    dependencies:
      ansi-regex "^2.0.0"
  
  supports-color@^2.0.0:
    version "2.0.0"
    resolved "https://registry.npm.taobao.org/supports-color/download/supports-color-2.0.0.tgz#535d045ce6b6363fa40117084629995e9df324c7"
  
  tough-cookie@>=0.12.0:
    version "3.0.1"
    resolved "https://registry.npm.taobao.org/tough-cookie/download/tough-cookie-3.0.1.tgz#9df4f57e739c26930a018184887f4adb7dca73b2"
    dependencies:
      ip-regex "^2.1.0"
      psl "^1.1.28"
      punycode "^2.1.1"
  
  tunnel-agent@~0.4.0:
    version "0.4.3"
    resolved "https://registry.npm.taobao.org/tunnel-agent/download/tunnel-agent-0.4.3.tgz#6373db76909fe570e08d73583365ed828a74eeeb"
  
  util-deprecate@~1.0.1:
    version "1.0.2"
    resolved "https://registry.npm.taobao.org/util-deprecate/download/util-deprecate-1.0.2.tgz#450d4dc9fa70de732762fbd2d4a28981419a0ccf"
  
  xtend@^4.0.0:
    version "4.0.1"
    resolved "https://registry.npm.taobao.org/xtend/download/xtend-4.0.1.tgz#a5c6d532be656e23db820efb943a1f04998d63af"
