Arguments: 
  /Users/xuzhigang/.nvm/versions/node/v9.11.1/bin/node /Users/xuzhigang/.nvm/versions/node/v9.11.1/bin/yarn add async --save

PATH: 
  /Users/xuzhigang/.nvm/versions/node/v9.11.1/bin:/usr/local/bin:/usr/local/bin:/usr/bin:/bin:/usr/sbin:/sbin:/usr/local/go/bin:/usr/local/mysql/bin:/usr/local/go/bin

Yarn version: 
  1.7.0

Node version: 
  9.11.1

Platform: 
  darwin x64

Trace: 
  Error: EACCES: permission denied, mkdir '/Users/xuzhigang/nodestudy/async_problem/node_modules/async'

npm manifest: 
  {
    "name": "async_problem",
    "version": "1.0.0",
    "description": "",
    "main": "closure.js",
    "scripts": {
      "test": "echo \"Error: no test specified\" && exit 1"
    },
    "keywords": [],
    "author": "",
    "license": "ISC"
  }

yarn manifest: 
  No manifest

Lockfile: 
  No lockfile
